0 info it worked if it ends with ok
1 verbose cli [ '/usr/local/bin/node',
1 verbose cli   '/usr/local/bin/npm',
1 verbose cli   'install',
1 verbose cli   'materialize-css',
1 verbose cli   './web/assets/' ]
2 info using npm@3.9.5
3 info using node@v6.2.1
4 silly loadCurrentTree Starting
5 silly install loadCurrentTree
6 silly install readLocalPackageData
7 silly fetchPackageMetaData materialize-css
8 silly fetchPackageMetaData ./web/assets/
9 silly fetchNamedPackageData materialize-css
10 silly mapToRegistry name materialize-css
11 silly mapToRegistry using default registry
12 silly mapToRegistry registry https://registry.npmjs.org/
13 silly mapToRegistry data Result {
13 silly mapToRegistry   raw: 'materialize-css',
13 silly mapToRegistry   scope: null,
13 silly mapToRegistry   name: 'materialize-css',
13 silly mapToRegistry   rawSpec: '',
13 silly mapToRegistry   spec: 'latest',
13 silly mapToRegistry   type: 'tag' }
14 silly mapToRegistry uri https://registry.npmjs.org/materialize-css
15 silly fetchOtherPackageData ./web/assets/
16 silly cache add args [ './web/assets/', null ]
17 verbose cache add spec ./web/assets/
18 silly cache add parsed spec Result {
18 silly cache add   raw: './web/assets/',
18 silly cache add   scope: null,
18 silly cache add   name: null,
18 silly cache add   rawSpec: './web/assets/',
18 silly cache add   spec: '/home/vincent/Docker/docker-symfony/symfony/web/assets',
18 silly cache add   type: 'local' }
19 verbose request uri https://registry.npmjs.org/materialize-css
20 verbose request no auth needed
21 info attempt registry request try #1 at 14:25:32
22 verbose request id 45d8226f95da5ec1
23 verbose etag "AYFHL3K1UUQMSGJJ2C446UXK7"
24 http request GET https://registry.npmjs.org/materialize-css
25 error addLocal Could not install /home/vincent/Docker/docker-symfony/symfony/web/assets
26 silly fetchPackageMetaData Error: EISDIR: illegal operation on a directory, read
26 silly fetchPackageMetaData     at Error (native)
26 silly fetchPackageMetaData  error for ./web/assets/ { Error: EISDIR: illegal operation on a directory, read
26 silly fetchPackageMetaData     at Error (native) errno: -21, code: 'EISDIR', syscall: 'read' }
27 http 304 https://registry.npmjs.org/materialize-css
28 verbose headers { date: 'Wed, 14 Sep 2016 12:25:24 GMT',
28 verbose headers   via: '1.1 varnish',
28 verbose headers   'cache-control': 'max-age=300',
28 verbose headers   etag: '"AYFHL3K1UUQMSGJJ2C446UXK7"',
28 verbose headers   age: '184',
28 verbose headers   connection: 'keep-alive',
28 verbose headers   'x-served-by': 'cache-lcy1128-LCY',
28 verbose headers   'x-cache': 'HIT',
28 verbose headers   'x-cache-hits': '1',
28 verbose headers   'x-timer': 'S1473855924.058177,VS0,VE0',
28 verbose headers   vary: 'Accept-Encoding' }
29 silly get cb [ 304,
29 silly get   { date: 'Wed, 14 Sep 2016 12:25:24 GMT',
29 silly get     via: '1.1 varnish',
29 silly get     'cache-control': 'max-age=300',
29 silly get     etag: '"AYFHL3K1UUQMSGJJ2C446UXK7"',
29 silly get     age: '184',
29 silly get     connection: 'keep-alive',
29 silly get     'x-served-by': 'cache-lcy1128-LCY',
29 silly get     'x-cache': 'HIT',
29 silly get     'x-cache-hits': '1',
29 silly get     'x-timer': 'S1473855924.058177,VS0,VE0',
29 silly get     vary: 'Accept-Encoding' } ]
30 verbose etag https://registry.npmjs.org/materialize-css from cache
31 verbose get saving materialize-css to /home/vincent/.npm/registry.npmjs.org/materialize-css/.cache.json
32 verbose correctMkdir /home/vincent/.npm correctMkdir not in flight; initializing
33 silly rollbackFailedOptional Starting
34 silly rollbackFailedOptional Finishing
35 silly runTopLevelLifecycles Starting
36 silly runTopLevelLifecycles Finishing
37 silly install printInstalled
38 verbose stack Error: EISDIR: illegal operation on a directory, read
38 verbose stack     at Error (native)
39 verbose cwd /home/vincent/Docker/docker-symfony/symfony
40 error Linux 3.16.0-50-generic
41 error argv "/usr/local/bin/node" "/usr/local/bin/npm" "install" "materialize-css" "./web/assets/"
42 error node v6.2.1
43 error npm  v3.9.5
44 error code EISDIR
45 error errno -21
46 error syscall read
47 error eisdir EISDIR: illegal operation on a directory, read
48 error eisdir This is most likely not a problem with npm itself
48 error eisdir and is related to npm not being able to find a package.json in
48 error eisdir a package you are trying to install.
49 verbose exit [ -21, true ]
